<?xml version="1.0" encoding="UTF-8"?>
<!-- Generated by org.testng.reporters.JUnitReportReporter -->
<testsuite hostname="HetvikReddy" failures="0" tests="1" name="vtiger_crm.LoginToVtiger_Test" time="0.610" errors="0" timestamp="2023-07-14T09:26:53 IST" skipped="0">
  <testcase classname="vtiger_crm.LoginToVtiger_Test" name="validateLoginPage" time="0.610"/>
  <system-out/>
</testsuite> <!-- vtiger_crm.LoginToVtiger_Test -->
