<?xml version="1.0" encoding="UTF-8"?>
<!-- Generated by org.testng.reporters.JUnitReportReporter -->
<testsuite hostname="HetvikReddy" failures="0" tests="1" name="vtigertestscripts.LoginToVtiger_Test" time="0.055" errors="0" timestamp="2023-07-06T09:30:07 IST" skipped="0">
  <testcase classname="vtigertestscripts.LoginToVtiger_Test" name="validateLoginPage" time="0.055"/>
</testsuite> <!-- vtigertestscripts.LoginToVtiger_Test -->
