<?xml version="1.0" encoding="UTF-8"?>
<!-- Generated by org.testng.reporters.JUnitReportReporter -->
<testsuite hostname="HetvikReddy" failures="0" tests="3" name="vtigertestscripts.OrganizationWithTypeAndIndustryMultiple" time="50.177" errors="0" timestamp="2023-06-27T09:50:58 IST" skipped="0">
  <testcase classname="vtigertestscripts.OrganizationWithTypeAndIndustryMultiple" name="organizationcreatingTypeInustry" time="16.343"/>
  <testcase classname="vtigertestscripts.OrganizationWithTypeAndIndustryMultiple" name="organizationcreatingTypeInustry" time="13.903"/>
  <testcase classname="vtigertestscripts.OrganizationWithTypeAndIndustryMultiple" name="organizationcreatingTypeInustry" time="19.931"/>
</testsuite> <!-- vtigertestscripts.OrganizationWithTypeAndIndustryMultiple -->
