<?xml version="1.0" encoding="UTF-8"?>
<!-- Generated by org.testng.reporters.JUnitReportReporter -->
<testsuite hostname="HetvikReddy" failures="0" tests="1" name="vtigertestscripts.CreateDuplicateLead" time="60.073" errors="0" timestamp="2023-06-27T09:24:08 IST" skipped="0">
  <testcase classname="vtigertestscripts.CreateDuplicateLead" name="newLead" time="60.073"/>
</testsuite> <!-- vtigertestscripts.CreateDuplicateLead -->
