<?xml version="1.0" encoding="UTF-8"?>
<!-- Generated by org.testng.reporters.JUnitReportReporter -->
<testsuite hostname="HetvikReddy" failures="0" tests="1" name="vtigertestscripts.CreateNewContact" time="64.122" errors="0" timestamp="2023-06-27T09:21:29 IST" skipped="0">
  <testcase classname="vtigertestscripts.CreateNewContact" name="newContact" time="64.122"/>
</testsuite> <!-- vtigertestscripts.CreateNewContact -->
